SQL> SELECT TO_CHAR(SYSDATE,'DD-Mon-RR HH24:MI:SS')MULAI FROM DUAL;

MULAI                                                                                                                                                 
------------------                                                                                                                                    
11-Mar-16 17:35:02                                                                                                                                    

Elapsed: 00:00:00.00
SQL> EXEC DBMS_STATS.GATHER_TABLE_STATS('SCOTT', 'BONUS', ESTIMATE_PERCENT => DBMS_STATS.AUTO_SAMPLE_SIZE, CASCADE => TRUE);

PL/SQL procedure successfully completed.

Elapsed: 00:00:01.23
SQL> EXEC DBMS_STATS.GATHER_TABLE_STATS('SCOTT', 'DEPT', ESTIMATE_PERCENT => DBMS_STATS.AUTO_SAMPLE_SIZE, CASCADE => TRUE);

PL/SQL procedure successfully completed.

Elapsed: 00:00:01.12
SQL> EXEC DBMS_STATS.GATHER_TABLE_STATS('SCOTT', 'EMP', ESTIMATE_PERCENT => DBMS_STATS.AUTO_SAMPLE_SIZE, CASCADE => TRUE);

PL/SQL procedure successfully completed.

Elapsed: 00:00:00.15
SQL> EXEC DBMS_STATS.GATHER_TABLE_STATS('SCOTT', 'SALGRADE', ESTIMATE_PERCENT => DBMS_STATS.AUTO_SAMPLE_SIZE, CASCADE => TRUE);

PL/SQL procedure successfully completed.

Elapsed: 00:00:00.06
SQL> SELECT TO_CHAR(SYSDATE,'DD-Mon-RR HH24:MI:SS')SELESAI FROM DUAL;

SELESAI                                                                                                                                               
------------------                                                                                                                                    
11-Mar-16 17:35:05                                                                                                                                    

Elapsed: 00:00:00.00
SQL> SPOOL OFF;
